<?xml version="1.0" encoding="UTF-8"?>
<testng-results ignored="0" total="1" passed="1" failed="0" skipped="0">
  <reporter-output>
  </reporter-output>
  <suite started-at="2022-04-12T14:48:25 IST" name="Default suite" finished-at="2022-04-12T14:48:25 IST" duration-ms="168">
    <groups>
    </groups>
    <test started-at="2022-04-12T14:48:25 IST" name="Default test" finished-at="2022-04-12T14:48:25 IST" duration-ms="168">
      <class name="com.crm.comcast.SDET32_GitPractice.ClassB">
        <test-method signature="demoTest2()[pri:0, instance:com.crm.comcast.SDET32_GitPractice.ClassB@10959ece]" started-at="2022-04-12T14:48:25 IST" name="demoTest2" finished-at="2022-04-12T14:48:25 IST" duration-ms="27" status="PASS">
          <reporter-output>
          </reporter-output>
        </test-method> <!-- demoTest2 -->
      </class> <!-- com.crm.comcast.SDET32_GitPractice.ClassB -->
    </test> <!-- Default test -->
  </suite> <!-- Default suite -->
</testng-results>
